1514972072887	geckodriver	INFO	geckodriver 0.19.1
1514972072895	geckodriver	INFO	Listening on 127.0.0.1:59530
1514972074201	mozrunner::runner	INFO	Running command: "C:\\Program Files\\Mozilla Firefox\\firefox.exe" "-marionette" "-profile" "C:\\Users\\LIXING~1.NUC\\AppData\\Local\\Temp\\rust_mozprofile.krPYR3RDFmia"
1514972083234	Marionette	INFO	Enabled via --marionette
[GFX1-]: Failed to connect GPU process
[GFX1-]: [D3D11] failed to get compositor device.
[GFX1-]: [D3D11] Failed to init compositor with reason: FEATURE_FAILURE_D3D11_NO_DEVICE
[GFX1-]: [D3D11] failed to get compositor device.
[GFX1-]: [D3D11] Failed to init compositor with reason: FEATURE_FAILURE_D3D11_NO_DEVICE
[21308, Chrome_ChildThread] WARNING: failed to create pipe: 0: file z:/build/build/src/ipc/chromium/src/chrome/common/ipc_channel_win.cc, line 221
[21308, Chrome_ChildThread] WARNING: Unable to create pipe named "19700.0.1860097782\85975391" in client mode.: file z:/build/build/src/ipc/chromium/src/chrome/common/ipc_channel_win.cc, line 59

###!!! [Child][MessageChannel] Error: (msgtype=0xFFFB,name=???) Channel error: cannot send/recv


###!!! [Child][MessageChannel] Error: (msgtype=0x3B0018,name=PGPU::Msg_InitCrashReporter) Channel error: cannot send/recv

[GFX1-]: Could not get a DXGI adapter
Unable to read VR Path Registry from C:\Users\lixing1.NUCTECH\AppData\Local\openvr\openvrpaths.vrpath
[Child 20536, Chrome_ChildThread] WARNING: pipe error: 109: file z:/build/build/src/ipc/chromium/src/chrome/common/ipc_channel_win.cc, line 346
[Child 20536, Chrome_ChildThread] WARNING: pipe error: 109: file z:/build/build/src/ipc/chromium/src/chrome/common/ipc_channel_win.cc, line 346
1514972093224	Marionette	INFO	Listening on port 59562
1514972094170	Marionette	WARN	TLS certificate errors will be ignored for this session
[GFX1-]: Could not get a DXGI adapter
1514972097766	Marionette	DEBUG	Register listener.js for window 4294967297
1514972097811	Marionette	DEBUG	Received DOM event "beforeunload" for "about:blank"
1514972098330	Marionette	DEBUG	Received DOM event "pagehide" for "about:blank"
1514972098331	Marionette	DEBUG	Received DOM event "unload" for "about:blank"
[GFX1-]: Could not get a DXGI adapter
1514972099077	Marionette	DEBUG	Received DOM event "DOMContentLoaded" for "http://app.toutiao.com/news_article/#news_article"
1514972099543	Marionette	DEBUG	Received DOM event "pageshow" for "http://app.toutiao.com/news_article/#news_article"
Unable to read VR Path Registry from C:\Users\lixing1.NUCTECH\AppData\Local\openvr\openvrpaths.vrpath
[Parent 19700, Gecko_IOThread] WARNING: pipe error: 109: file z:/build/build/src/ipc/chromium/src/chrome/common/ipc_channel_win.cc, line 346
[Parent 19700, Gecko_IOThread] WARNING: pipe error: 109: file z:/build/build/src/ipc/chromium/src/chrome/common/ipc_channel_win.cc, line 346
Unable to read VR Path Registry from C:\Users\lixing1.NUCTECH\AppData\Local\openvr\openvrpaths.vrpath
[Child 16084, Chrome_ChildThread] WARNING: pipe error: 109: file z:/build/build/src/ipc/chromium/src/chrome/common/ipc_channel_win.cc, line 346
[Child 16084, Chrome_ChildThread] WARNING: pipe error: 109: file z:/build/build/src/ipc/chromium/src/chrome/common/ipc_channel_win.cc, line 346
Unable to read VR Path Registry from C:\Users\lixing1.NUCTECH\AppData\Local\openvr\openvrpaths.vrpath
[Child 5888, Chrome_ChildThread] WARNING: pipe error: 109: file z:/build/build/src/ipc/chromium/src/chrome/common/ipc_channel_win.cc, line 346
[Child 5888, Chrome_ChildThread] WARNING: pipe error: 109: file z:/build/build/src/ipc/chromium/src/chrome/common/ipc_channel_win.cc, line 346
*** UTM:SVC TimerManager:registerTimer called after profile-before-change notification. Ignoring timer registration for id: telemetry_modules_ping
1514972305559	geckodriver	INFO	geckodriver 0.19.1
1514972305567	geckodriver	INFO	Listening on 127.0.0.1:60166
1514972306825	mozrunner::runner	INFO	Running command: "C:\\Program Files\\Mozilla Firefox\\firefox.exe" "-marionette" "-profile" "C:\\Users\\LIXING~1.NUC\\AppData\\Local\\Temp\\rust_mozprofile.EyHd43wHKHNN"
1514972314487	Marionette	INFO	Enabled via --marionette
[GFX1-]: Failed to connect GPU process
[GFX1-]: [D3D11] failed to get compositor device.
[GFX1-]: [D3D11] Failed to init compositor with reason: FEATURE_FAILURE_D3D11_NO_DEVICE
[GFX1-]: [D3D11] failed to get compositor device.
[GFX1-]: [D3D11] Failed to init compositor with reason: FEATURE_FAILURE_D3D11_NO_DEVICE
[GFX1-]: Could not get a DXGI adapter
1514972322778	Marionette	INFO	Listening on port 60201
Unable to read VR Path Registry from C:\Users\lixing1.NUCTECH\AppData\Local\openvr\openvrpaths.vrpath
[Child 12448, Chrome_ChildThread] WARNING: pipe error: 109: file z:/build/build/src/ipc/chromium/src/chrome/common/ipc_channel_win.cc, line 346
1514972323122	Marionette	WARN	TLS certificate errors will be ignored for this session
[GFX1-]: Could not get a DXGI adapter
1514972327908	Marionette	DEBUG	Register listener.js for window 4294967297
1514972327943	Marionette	DEBUG	Received DOM event "beforeunload" for "about:blank"
1514972328165	Marionette	DEBUG	Received DOM event "pagehide" for "about:blank"
1514972328165	Marionette	DEBUG	Received DOM event "unload" for "about:blank"
[GFX1-]: Could not get a DXGI adapter
1514972329388	Marionette	DEBUG	Received DOM event "DOMContentLoaded" for "https://www.jianshu.com/"
1514972329696	Marionette	DEBUG	Received DOM event "pageshow" for "https://www.jianshu.com/"
Unable to read VR Path Registry from C:\Users\lixing1.NUCTECH\AppData\Local\openvr\openvrpaths.vrpath
[Parent 21076, Gecko_IOThread] WARNING: pipe error: 109: file z:/build/build/src/ipc/chromium/src/chrome/common/ipc_channel_win.cc, line 346
[Parent 21076, Gecko_IOThread] WARNING: pipe error: 109: file z:/build/build/src/ipc/chromium/src/chrome/common/ipc_channel_win.cc, line 346
Unable to read VR Path Registry from C:\Users\lixing1.NUCTECH\AppData\Local\openvr\openvrpaths.vrpath
[Child 15388, Chrome_ChildThread] WARNING: pipe error: 109: file z:/build/build/src/ipc/chromium/src/chrome/common/ipc_channel_win.cc, line 346
[Child 15388, Chrome_ChildThread] WARNING: pipe error: 109: file z:/build/build/src/ipc/chromium/src/chrome/common/ipc_channel_win.cc, line 346
Unable to read VR Path Registry from C:\Users\lixing1.NUCTECH\AppData\Local\openvr\openvrpaths.vrpath
[Child 12424, Chrome_ChildThread] WARNING: pipe error: 109: file z:/build/build/src/ipc/chromium/src/chrome/common/ipc_channel_win.cc, line 346
*** UTM:SVC TimerManager:registerTimer called after profile-before-change notification. Ignoring timer registration for id: telemetry_modules_ping
